2025-12-27 23:13:56 | ERROR    | app.api.preset_routes | get_stats            | Error getting preset stats: 2 validation errors for PresetStatsResponse
active_count
  Field required [type=missing, input_value={'total_presets': 125, 'b...e': 125, 'favorites': 0}, input_type=dict]
    For further information visit https://errors.pydantic.dev/2.5/v/missing
favorites_count
  Field required [type=missing, input_value={'total_presets': 125, 'b...e': 125, 'favorites': 0}, input_type=dict]
    For further information visit https://errors.pydantic.dev/2.5/v/missing
2025-12-27 23:13:56 | ERROR    | app.main             | http_exception_handler | HTTP 500 on /api/presets/stats: 2 validation errors for PresetStatsResponse
active_count
  Field required [type=missing, input_value={'total_presets': 125, 'b...e': 125, 'favorites': 0}, input_type=dict]
    For further information visit https://errors.pydantic.dev/2.5/v/missing
favorites_count
  Field required [type=missing, input_value={'total_presets': 125, 'b...e': 125, 'favorites': 0}, input_type=dict]
    For further information visit https://errors.pydantic.dev/2.5/v/missing
2025-12-27 23:13:56 | ERROR    | app.api.preset_routes | get_stats            | Error getting preset stats: 2 validation errors for PresetStatsResponse
active_count
  Field required [type=missing, input_value={'total_presets': 125, 'b...e': 125, 'favorites': 0}, input_type=dict]
    For further information visit https://errors.pydantic.dev/2.5/v/missing
favorites_count
  Field required [type=missing, input_value={'total_presets': 125, 'b...e': 125, 'favorites': 0}, input_type=dict]
    For further information visit https://errors.pydantic.dev/2.5/v/missing
2025-12-27 23:13:56 | ERROR    | app.main             | http_exception_handler | HTTP 500 on /api/presets/stats: 2 validation errors for PresetStatsResponse
active_count
  Field required [type=missing, input_value={'total_presets': 125, 'b...e': 125, 'favorites': 0}, input_type=dict]
    For further information visit https://errors.pydantic.dev/2.5/v/missing
favorites_count
  Field required [type=missing, input_value={'total_presets': 125, 'b...e': 125, 'favorites': 0}, input_type=dict]
    For further information visit https://errors.pydantic.dev/2.5/v/missing
2025-12-27 23:14:15 | ERROR    | app.api.preset_routes | get_stats            | Error getting preset stats: 2 validation errors for PresetStatsResponse
active_count
  Field required [type=missing, input_value={'total_presets': 125, 'b...e': 125, 'favorites': 0}, input_type=dict]
    For further information visit https://errors.pydantic.dev/2.5/v/missing
favorites_count
  Field required [type=missing, input_value={'total_presets': 125, 'b...e': 125, 'favorites': 0}, input_type=dict]
    For further information visit https://errors.pydantic.dev/2.5/v/missing
2025-12-27 23:14:15 | ERROR    | app.main             | http_exception_handler | HTTP 500 on /api/presets/stats: 2 validation errors for PresetStatsResponse
active_count
  Field required [type=missing, input_value={'total_presets': 125, 'b...e': 125, 'favorites': 0}, input_type=dict]
    For further information visit https://errors.pydantic.dev/2.5/v/missing
favorites_count
  Field required [type=missing, input_value={'total_presets': 125, 'b...e': 125, 'favorites': 0}, input_type=dict]
    For further information visit https://errors.pydantic.dev/2.5/v/missing
2025-12-27 23:15:08 | ERROR    | app.api.preset_routes | get_stats            | Error getting preset stats: 2 validation errors for PresetStatsResponse
active_count
  Field required [type=missing, input_value={'total_presets': 125, 'b...e': 125, 'favorites': 0}, input_type=dict]
    For further information visit https://errors.pydantic.dev/2.5/v/missing
favorites_count
  Field required [type=missing, input_value={'total_presets': 125, 'b...e': 125, 'favorites': 0}, input_type=dict]
    For further information visit https://errors.pydantic.dev/2.5/v/missing
2025-12-27 23:15:08 | ERROR    | app.main             | http_exception_handler | HTTP 500 on /api/presets/stats: 2 validation errors for PresetStatsResponse
active_count
  Field required [type=missing, input_value={'total_presets': 125, 'b...e': 125, 'favorites': 0}, input_type=dict]
    For further information visit https://errors.pydantic.dev/2.5/v/missing
favorites_count
  Field required [type=missing, input_value={'total_presets': 125, 'b...e': 125, 'favorites': 0}, input_type=dict]
    For further information visit https://errors.pydantic.dev/2.5/v/missing
